<?xml version="1.0" encoding="UTF-8"?>
<testsuite name="TestSuite" time="220.89" tests="12" errors="0" skipped="1" failures="1">
  <properties>
    <property name="java.runtime.name" value="Java(TM) SE Runtime Environment"/>
    <property name="sun.boot.library.path" value="/Library/Java/JavaVirtualMachines/jdk1.8.0_121.jdk/Contents/Home/jre/lib"/>
    <property name="java.vm.version" value="25.121-b13"/>
    <property name="browser" value="firefox"/>
    <property name="gopherProxySet" value="false"/>
    <property name="java.vm.vendor" value="Oracle Corporation"/>
    <property name="maven.multiModuleProjectDirectory" value="/Users/pranga/Documents/workspace/VCFC-smoketest-master"/>
    <property name="java.vendor.url" value="http://java.oracle.com/"/>
    <property name="path.separator" value=":"/>
    <property name="guice.disable.misplaced.annotation.check" value="true"/>
    <property name="java.vm.name" value="Java HotSpot(TM) 64-Bit Server VM"/>
    <property name="file.encoding.pkg" value="sun.io"/>
    <property name="user.country" value="US"/>
    <property name="sun.java.launcher" value="SUN_STANDARD"/>
    <property name="sun.os.patch.level" value="unknown"/>
    <property name="java.vm.specification.name" value="Java Virtual Machine Specification"/>
    <property name="user.dir" value="/Users/pranga/Documents/workspace/VCFC-smoketest-master"/>
    <property name="groups" value="smoke"/>
    <property name="java.runtime.version" value="1.8.0_121-b13"/>
    <property name="java.awt.graphicsenv" value="sun.awt.CGraphicsEnvironment"/>
    <property name="java.endorsed.dirs" value="/Library/Java/JavaVirtualMachines/jdk1.8.0_121.jdk/Contents/Home/jre/lib/endorsed"/>
    <property name="os.arch" value="x86_64"/>
    <property name="java.io.tmpdir" value="/var/folders/vj/stwxpcfn05s8_q91th0w5mrw0000gq/T/"/>
    <property name="line.separator" value="&#10;"/>
    <property name="java.vm.specification.vendor" value="Oracle Corporation"/>
    <property name="os.name" value="Mac OS X"/>
    <property name="classworlds.conf" value="/Users/pranga/Documents/workspace/.metadata/.plugins/org.eclipse.m2e.launching/launches/m2conf1580380093899894663.tmp"/>
    <property name="sun.jnu.encoding" value="UTF-8"/>
    <property name="java.library.path" value="/Users/pranga/Library/Java/Extensions:/Library/Java/Extensions:/Network/Library/Java/Extensions:/System/Library/Java/Extensions:/usr/lib/java:."/>
    <property name="java.specification.name" value="Java Platform API Specification"/>
    <property name="java.class.version" value="52.0"/>
    <property name="sun.management.compiler" value="HotSpot 64-Bit Tiered Compilers"/>
    <property name="vcfIp" value="10.9.10.110"/>
    <property name="os.version" value="10.12.3"/>
    <property name="http.nonProxyHosts" value="local|*.local|169.254/16|*.169.254/16"/>
    <property name="user.home" value="/Users/pranga"/>
    <property name="user.timezone" value="America/Los_Angeles"/>
    <property name="java.awt.printerjob" value="sun.lwawt.macosx.CPrinterJob"/>
    <property name="java.specification.version" value="1.8"/>
    <property name="file.encoding" value="UTF-8"/>
    <property name="user.name" value="pranga"/>
    <property name="java.class.path" value="/Users/pranga/eclipse/java-neon/Eclipse.app/Contents/Eclipse/../../../../../.p2/pool/plugins/org.eclipse.m2e.maven.runtime_1.7.0.20160603-1931/jars/plexus-classworlds-2.5.2.jar"/>
    <property name="java.vm.specification.version" value="1.8"/>
    <property name="sun.arch.data.model" value="64"/>
    <property name="java.home" value="/Library/Java/JavaVirtualMachines/jdk1.8.0_121.jdk/Contents/Home/jre"/>
    <property name="sun.java.command" value="org.codehaus.plexus.classworlds.launcher.Launcher -DvcfIp=10.9.10.110 -Dbrowser=firefox -Dgroups=smoke -B clean test"/>
    <property name="java.specification.vendor" value="Oracle Corporation"/>
    <property name="user.language" value="en"/>
    <property name="awt.toolkit" value="sun.lwawt.macosx.LWCToolkit"/>
    <property name="java.vm.info" value="mixed mode"/>
    <property name="java.version" value="1.8.0_121"/>
    <property name="java.ext.dirs" value="/Users/pranga/Library/Java/Extensions:/Library/Java/JavaVirtualMachines/jdk1.8.0_121.jdk/Contents/Home/jre/lib/ext:/Library/Java/Extensions:/Network/Library/Java/Extensions:/System/Library/Java/Extensions:/usr/lib/java"/>
    <property name="sun.boot.class.path" value="/Library/Java/JavaVirtualMachines/jdk1.8.0_121.jdk/Contents/Home/jre/lib/resources.jar:/Library/Java/JavaVirtualMachines/jdk1.8.0_121.jdk/Contents/Home/jre/lib/rt.jar:/Library/Java/JavaVirtualMachines/jdk1.8.0_121.jdk/Contents/Home/jre/lib/sunrsasign.jar:/Library/Java/JavaVirtualMachines/jdk1.8.0_121.jdk/Contents/Home/jre/lib/jsse.jar:/Library/Java/JavaVirtualMachines/jdk1.8.0_121.jdk/Contents/Home/jre/lib/jce.jar:/Library/Java/JavaVirtualMachines/jdk1.8.0_121.jdk/Contents/Home/jre/lib/charsets.jar:/Library/Java/JavaVirtualMachines/jdk1.8.0_121.jdk/Contents/Home/jre/lib/jfr.jar:/Library/Java/JavaVirtualMachines/jdk1.8.0_121.jdk/Contents/Home/jre/classes"/>
    <property name="java.vendor" value="Oracle Corporation"/>
    <property name="maven.home" value="/Users/pranga/Documents/workspace/VCFC-smoketest-master/EMBEDDED"/>
    <property name="file.separator" value="/"/>
    <property name="java.vendor.url.bug" value="http://bugreport.sun.com/bugreport/"/>
    <property name="sun.cpu.endian" value="little"/>
    <property name="sun.io.unicode.encoding" value="UnicodeBig"/>
    <property name="socksNonProxyHosts" value="local|*.local|169.254/16|*.169.254/16"/>
    <property name="ftp.nonProxyHosts" value="local|*.local|169.254/16|*.169.254/16"/>
    <property name="sun.cpu.isalist" value=""/>
  </properties>
  <testcase name="loginAsAdmin" classname="com.pluribus.vcf.test.InitialSetup" time="19.592"/>
  <testcase name="loginAsTest123" classname="com.pluribus.vcf.test.InitialSetup" time="2.734"/>
  <testcase name="activateLicense" classname="com.pluribus.vcf.test.InitialSetup" time="18.968"/>
  <testcase name="vcfsettingsPagenavigations" classname="com.pluribus.vcf.test.InitialSetup" time="14.423"/>
  <testcase name="addSeedSwitch" classname="com.pluribus.vcf.test.InitialSetup" time="8.692"/>
  <testcase name="authSeedSwitch" classname="com.pluribus.vcf.test.InitialSetup" time="5.552"/>
  <testcase name="addDataNode" classname="com.pluribus.vcf.test.InitialSetup" time="0.001"/>
  <testcase name="logout" classname="com.pluribus.vcf.test.InitialSetup" time="1.43"/>
  <testcase name="logintoIA" classname="com.pluribus.vcf.test.IATest" time="4.756"/>
  <testcase name="addCollectorTest" classname="com.pluribus.vcf.test.IATest" time="0.83"/>
  <testcase name="simpleTrafficTest" classname="com.pluribus.vcf.test.IATest" time="143.912">
    <failure message="Timed out after 100 seconds waiting for visibility of [[RemoteWebDriver: firefox on WINDOWS (6d761361a0cdfb4cf0edd58069891e85b54c8022)] -&gt; css selector: div.metric-value.ng-binding]&#10;Build info: version: &apos;2.45.0&apos;, revision: &apos;5017cb8e7ca8e37638dc3091b2440b90a1d8686f&apos;, time: &apos;2015-02-27 09:10:26&apos;&#10;System info: host: &apos;pranga-0000039.attlocal.net&apos;, ip: &apos;192.168.1.207&apos;, os.name: &apos;Mac OS X&apos;, os.arch: &apos;x86_64&apos;, os.version: &apos;10.12.3&apos;, java.version: &apos;1.8.0_121&apos;&#10;Driver info: org.openqa.selenium.remote.RemoteWebDriver&#10;Capabilities [{applicationCacheEnabled=false, rotatable=false, handlesAlerts=true, databaseEnabled=true, version=47.0.1, platform=WINDOWS, nativeEvents=false, acceptSslCerts=true, webdriver.remote.sessionid=6d761361a0cdfb4cf0edd58069891e85b54c8022, webStorageEnabled=true, locationContextEnabled=true, browserName=firefox, takesScreenshot=true, javascriptEnabled=true, cssSelectorsEnabled=true}]&#10;Session ID: 6d761361a0cdfb4cf0edd58069891e85b54c8022" type="org.openqa.selenium.TimeoutException">org.openqa.selenium.TimeoutException: Timed out after 100 seconds waiting for visibility of [[RemoteWebDriver: firefox on WINDOWS (6d761361a0cdfb4cf0edd58069891e85b54c8022)] -> css selector: div.metric-value.ng-binding]
Build info: version: '2.45.0', revision: '5017cb8e7ca8e37638dc3091b2440b90a1d8686f', time: '2015-02-27 09:10:26'
System info: host: 'pranga-0000039.attlocal.net', ip: '192.168.1.207', os.name: 'Mac OS X', os.arch: 'x86_64', os.version: '10.12.3', java.version: '1.8.0_121'
Driver info: org.openqa.selenium.remote.RemoteWebDriver
Capabilities [{applicationCacheEnabled=false, rotatable=false, handlesAlerts=true, databaseEnabled=true, version=47.0.1, platform=WINDOWS, nativeEvents=false, acceptSslCerts=true, webdriver.remote.sessionid=6d761361a0cdfb4cf0edd58069891e85b54c8022, webStorageEnabled=true, locationContextEnabled=true, browserName=firefox, takesScreenshot=true, javascriptEnabled=true, cssSelectorsEnabled=true}]
Session ID: 6d761361a0cdfb4cf0edd58069891e85b54c8022
	at org.openqa.selenium.support.ui.WebDriverWait.timeoutException(WebDriverWait.java:79)
	at org.openqa.selenium.support.ui.FluentWait.until(FluentWait.java:228)
	at com.pluribus.vcf.helper.PageInfra.waitForElementVisibility(PageInfra.java:92)
	at com.pluribus.vcf.pagefactory.VCFIaIndexPage.getInsightCount(VCFIaIndexPage.java:94)
	at com.pluribus.vcf.pagefactory.VCFIaIndexPage.getConnectionCount(VCFIaIndexPage.java:101)
	at com.pluribus.vcf.test.IATest.verifyVCFCount(IATest.java:102)
	at com.pluribus.vcf.test.IATest.simpleTrafficTest(IATest.java:70)
</failure>
    <system-out><![CDATA[Output:
Iperf server started
]]></system-out>
    <system-err><![CDATA[241282 [main] WARN com.jcabi.ssh.SSH - Permanently added '10.9.97.152' (RSA) to the list of known hosts.
242336 [main] INFO com.jcabi.ssh.Execution$Default - $ cli --no-login-prompt --quiet -c connection-clear
243495 [main] WARN com.jcabi.ssh.SSH - Permanently added '10.9.97.152' (RSA) to the list of known hosts.
244912 [main] INFO com.jcabi.ssh.Execution$Default - $ cli --no-login-prompt --quiet -c connection-clear-history
246047 [main] WARN com.jcabi.ssh.SSH - Permanently added '10.9.8.97' (RSA) to the list of known hosts.
246264 [main] INFO com.jcabi.ssh.Execution$Default - $ ps aux| grep -E '[i]perf -s' | awk '{print $2}'
246299 [Connect thread 10.9.8.97 session] INFO com.jcabi.ssh.Shell$Verbose - 1463
247392 [main] WARN com.jcabi.ssh.SSH - Permanently added '10.9.8.97' (RSA) to the list of known hosts.
247599 [main] INFO com.jcabi.ssh.Execution$Default - $ kill -9 1463
249275 [main] WARN com.jcabi.ssh.SSH - Permanently added '10.9.8.129' (RSA) to the list of known hosts.
249543 [main] INFO com.jcabi.ssh.Execution$Default - $ iperf -c 4.4.4.97 -P 10 -t 20
249577 [Connect thread 10.9.8.129 session] INFO com.jcabi.ssh.Shell$Verbose - ------------------------------------------------------------
249577 [Connect thread 10.9.8.129 session] INFO com.jcabi.ssh.Shell$Verbose - Client connecting to 4.4.4.97, TCP port 5001
249577 [Connect thread 10.9.8.129 session] INFO com.jcabi.ssh.Shell$Verbose - TCP window size: 85.0 KByte (default)
249577 [Connect thread 10.9.8.129 session] INFO com.jcabi.ssh.Shell$Verbose - ------------------------------------------------------------
249590 [Connect thread 10.9.8.129 session] INFO com.jcabi.ssh.Shell$Verbose - [ 12] local 4.4.4.129 port 54348 connected with 4.4.4.97 port 5001
249590 [Connect thread 10.9.8.129 session] INFO com.jcabi.ssh.Shell$Verbose - [  3] local 4.4.4.129 port 54330 connected with 4.4.4.97 port 5001
249591 [Connect thread 10.9.8.129 session] INFO com.jcabi.ssh.Shell$Verbose - [  4] local 4.4.4.129 port 54332 connected with 4.4.4.97 port 5001
249591 [Connect thread 10.9.8.129 session] INFO com.jcabi.ssh.Shell$Verbose - [  5] local 4.4.4.129 port 54334 connected with 4.4.4.97 port 5001
249591 [Connect thread 10.9.8.129 session] INFO com.jcabi.ssh.Shell$Verbose - [  6] local 4.4.4.129 port 54336 connected with 4.4.4.97 port 5001
249591 [Connect thread 10.9.8.129 session] INFO com.jcabi.ssh.Shell$Verbose - [  8] local 4.4.4.129 port 54338 connected with 4.4.4.97 port 5001
249591 [Connect thread 10.9.8.129 session] INFO com.jcabi.ssh.Shell$Verbose - [  9] local 4.4.4.129 port 54342 connected with 4.4.4.97 port 5001
249591 [Connect thread 10.9.8.129 session] INFO com.jcabi.ssh.Shell$Verbose - [  7] local 4.4.4.129 port 54340 connected with 4.4.4.97 port 5001
249591 [Connect thread 10.9.8.129 session] INFO com.jcabi.ssh.Shell$Verbose - [ 10] local 4.4.4.129 port 54344 connected with 4.4.4.97 port 5001
249591 [Connect thread 10.9.8.129 session] INFO com.jcabi.ssh.Shell$Verbose - [ 11] local 4.4.4.129 port 54346 connected with 4.4.4.97 port 5001
269616 [Connect thread 10.9.8.129 session] INFO com.jcabi.ssh.Shell$Verbose - [ ID] Interval       Transfer     Bandwidth
269617 [Connect thread 10.9.8.129 session] INFO com.jcabi.ssh.Shell$Verbose - [  3]  0.0-20.0 sec  1.98 GBytes   851 Mbits/sec
269617 [Connect thread 10.9.8.129 session] INFO com.jcabi.ssh.Shell$Verbose - [  4]  0.0-20.0 sec  2.06 GBytes   886 Mbits/sec
269617 [Connect thread 10.9.8.129 session] INFO com.jcabi.ssh.Shell$Verbose - [  5]  0.0-20.0 sec  2.11 GBytes   906 Mbits/sec
269617 [Connect thread 10.9.8.129 session] INFO com.jcabi.ssh.Shell$Verbose - [  6]  0.0-20.0 sec  2.10 GBytes   902 Mbits/sec
269617 [Connect thread 10.9.8.129 session] INFO com.jcabi.ssh.Shell$Verbose - [ 12]  0.0-20.0 sec  2.13 GBytes   915 Mbits/sec
269617 [Connect thread 10.9.8.129 session] INFO com.jcabi.ssh.Shell$Verbose - [  8]  0.0-20.0 sec  2.06 GBytes   885 Mbits/sec
269617 [Connect thread 10.9.8.129 session] INFO com.jcabi.ssh.Shell$Verbose - [  9]  0.0-20.0 sec  1.98 GBytes   852 Mbits/sec
269617 [Connect thread 10.9.8.129 session] INFO com.jcabi.ssh.Shell$Verbose - [  7]  0.0-20.0 sec  2.15 GBytes   922 Mbits/sec
269617 [Connect thread 10.9.8.129 session] INFO com.jcabi.ssh.Shell$Verbose - [ 11]  0.0-20.0 sec  1.92 GBytes   825 Mbits/sec
269617 [Connect thread 10.9.8.129 session] INFO com.jcabi.ssh.Shell$Verbose - [ 10]  0.0-20.0 sec  2.19 GBytes   938 Mbits/sec
269618 [Connect thread 10.9.8.129 session] INFO com.jcabi.ssh.Shell$Verbose - [SUM]  0.0-20.0 sec  20.7 GBytes  8.88 Gbits/sec
271780 [main] WARN com.jcabi.ssh.SSH - Permanently added '10.9.97.152' (RSA) to the list of known hosts.
272859 [main] INFO com.jcabi.ssh.Execution$Default - $ cli --no-login-prompt --quiet -c "connection-show dst-ip 4.4.4.97"
273082 [Connect thread 10.9.97.152 session] INFO com.jcabi.ssh.Shell$Verbose - switch    vnet vlan vxlan src-ip    dst-ip   dst-port cur-state syn-resends syn-ack-resends latency obytes ibytes total-bytes age 
273082 [Connect thread 10.9.97.152 session] INFO com.jcabi.ssh.Shell$Verbose - --------- ---- ---- ----- --------- -------- -------- --------- ----------- --------------- ------- ------ ------ ----------- --- 
273082 [Connect thread 10.9.97.152 session] INFO com.jcabi.ssh.Shell$Verbose - onvl-vcf1      4    0     4.4.4.129 4.4.4.97 5001     fin       0           0               41.6us  2.10G  1      2.10G       23s 
273082 [Connect thread 10.9.97.152 session] INFO com.jcabi.ssh.Shell$Verbose - onvl-vcf1      4    0     4.4.4.129 4.4.4.97 5001     fin       0           0               198us   1.98G  1      1.98G       23s 
273082 [Connect thread 10.9.97.152 session] INFO com.jcabi.ssh.Shell$Verbose - onvl-vcf1      4    0     4.4.4.129 4.4.4.97 5001     fin       0           0               927us   2.15G  1      2.15G       23s 
273082 [Connect thread 10.9.97.152 session] INFO com.jcabi.ssh.Shell$Verbose - onvl-vcf1      4    0     4.4.4.129 4.4.4.97 5001     fin       0           0               54.6us  2.13G  1      2.13G       23s 
273082 [Connect thread 10.9.97.152 session] INFO com.jcabi.ssh.Shell$Verbose - onvl-vcf1      4    0     4.4.4.129 4.4.4.97 5001     fin       0           0               356us   2.11G  1      2.11G       23s 
273082 [Connect thread 10.9.97.152 session] INFO com.jcabi.ssh.Shell$Verbose - onvl-vcf1      4    0     4.4.4.129 4.4.4.97 5001     fin       0           0               37.8us  1.98G  1      1.98G       23s 
273082 [Connect thread 10.9.97.152 session] INFO com.jcabi.ssh.Shell$Verbose - onvl-vcf1      4    0     4.4.4.129 4.4.4.97 5001     fin       0           0               94.5us  2.19G  1      2.19G       23s 
273082 [Connect thread 10.9.97.152 session] INFO com.jcabi.ssh.Shell$Verbose - onvl-vcf1      4    0     4.4.4.129 4.4.4.97 5001     fin       0           0               40.3us  2.06G  1      2.06G       23s 
273082 [Connect thread 10.9.97.152 session] INFO com.jcabi.ssh.Shell$Verbose - onvl-vcf1      4    0     4.4.4.129 4.4.4.97 5001     fin       0           0               42.5us  1.92G  1      1.92G       23s 
273083 [Connect thread 10.9.97.152 session] INFO com.jcabi.ssh.Shell$Verbose - onvl-vcf1      4    0     4.4.4.129 4.4.4.97 5001     fin       0           0               42.1us  2.06G  1      2.06G       23s 
]]></system-err>
  </testcase>
  <testcase name="logout" classname="com.pluribus.vcf.test.IATest" time="0">
    <skipped/>
  </testcase>
</testsuite>