<?xml version="1.0" encoding="UTF-8"?>
<!-- Generated by org.testng.reporters.JUnitReportReporter -->
<testsuite hostname="pranga-0000039.pluribusnetworks.com" name="com.pluribus.vcf.test.IATest" tests="2" failures="0" timestamp="9 Mar 2017 21:50:50 GMT" time="87.573" errors="0">
  <testcase name="simpleTrafficTest" time="83.631" classname="com.pluribus.vcf.test.IATest"/>
  <testcase name="addCollectorTest" time="3.942" classname="com.pluribus.vcf.test.IATest"/>
</testsuite> <!-- com.pluribus.vcf.test.IATest -->
