<?xml version="1.0" encoding="UTF-8"?>
<!-- Generated by org.testng.reporters.JUnitReportReporter -->
<testsuite hostname="pranga-0000039.attlocal.net" name="com.pluribus.vcf.test.IATest" tests="2" failures="0" timestamp="10 Mar 2017 03:53:04 GMT" time="186.577" errors="0">
  <testcase name="simpleTrafficTest" time="182.628" classname="com.pluribus.vcf.test.IATest"/>
  <testcase name="addCollectorTest" time="3.949" classname="com.pluribus.vcf.test.IATest"/>
</testsuite> <!-- com.pluribus.vcf.test.IATest -->
